[2026-05-14 23:42:52] CREAR_SORTEO nombre=llll → OK
[2026-05-14 23:44:27] CONSULTAR_PREMIOS_ENTREGADOS → OK
[2026-05-14 23:44:47] CONSULTAR_BALANCE → OK
[2026-05-14 23:46:03] LISTAR_PREMIOS → OK
[2026-05-14 23:46:30] ELIMINAR_PREMIO id=premio_001 → NEGADO
[2026-05-14 23:47:04] ACTUALIZAR_FECHA fecha=2027-12-8 → OK
[2026-05-15 00:02:18] LOGIN_CLIENTE doc=1092457335 → NEGADO
[2026-05-15 01:09:20] REGISTRAR_CLIENTE doc=1092457335 → OK
[2026-05-15 01:09:24] SORTEOS_DISPONIBLES → OK
[2026-05-15 01:09:30] SORTEOS_DISPONIBLES → OK
[2026-05-19 20:53:00] LISTAR_SORTEOS → OK
[2026-05-19 20:53:28] CREAR_PREMIO sorteo=001 nombre=CopaMax → NEGADO
[2026-05-19 20:53:35] LISTAR_SORTEOS → OK
[2026-05-19 20:54:08] CREAR_PREMIO sorteo=009 nombre=GG → NEGADO
[2026-05-19 20:55:17] LISTAR_PREMIOS → OK
[2026-05-19 20:55:41] LISTAR_SORTEOS → OK
[2026-05-19 20:56:24] CREAR_PREMIO sorteo=sorteo_003 nombre=Premio Mayor → NEGADO
[2026-05-19 20:56:54] LISTAR_SORTEOS → OK
[2026-05-19 20:57:18] CREAR_PREMIO sorteo=009 nombre=PremioMayor → NEGADO
[2026-05-19 20:58:49] CREAR_SORTEO nombre=Armenialuxuri → OK
